<?xml version="1.0" encoding="UTF-8"?>
<!-- Generated by org.testng.reporters.JUnitXMLReporter -->
<testsuite ignored="0" hostname="DESKTOP-5B0C80I" failures="1" tests="3" name="BrowserTest" time="32.724" errors="0" timestamp="2024-12-02T11:42:06 IST">
  <testcase classname="Test.NaptolCartTest" name="searchSingleProductAndAddToCart" time="0.085">
    <failure type="java.lang.NullPointerException" message="Cannot invoke &amp;quot;org.openqa.selenium.SearchContext.findElement(org.openqa.selenium.By)&amp;quot; because &amp;quot;this.searchContext&amp;quot; is null">
      <![CDATA[java.lang.NullPointerException: Cannot invoke "org.openqa.selenium.SearchContext.findElement(org.openqa.selenium.By)" because "this.searchContext" is null
at org.openqa.selenium.support.pagefactory.DefaultElementLocator.findElement(DefaultElementLocator.java:68)
at org.openqa.selenium.support.pagefactory.internal.LocatingElementHandler.invoke(LocatingElementHandler.java:38)
at jdk.proxy2/jdk.proxy2.$Proxy12.sendKeys(Unknown Source)
at pom.NaptolHomePage.enterProductToSearchFeild(NaptolHomePage.java:42)
at Test.NaptolCartTest.searchSingleProductAndAddToCart(NaptolCartTest.java:26)
at java.base/java.util.ArrayList.forEach(ArrayList.java:1597)
... Removed 25 stack frames]]>
    </failure>
  </testcase> <!-- searchSingleProductAndAddToCart -->
  <testcase classname="Test.VerifyProductDisplayedPostSearch" name="verifyProductAreDisplayedForValidSearch" time="2.799"/>
  <testcase classname="Test.VerifyProductDisplayedPostSearch" name="verifyProductNotDisplayedForInvalidSearch" time="4.042"/>
</testsuite> <!-- BrowserTest -->
