<?xml version="1.0" encoding="UTF-8"?>
<!-- Generated by org.testng.reporters.JUnitXMLReporter -->
<testsuite ignored="0" hostname="DESKTOP-5B0C80I" failures="0" tests="2" name="ChromeTest" time="25.145" errors="0" timestamp="2024-12-01T19:11:23 IST">
  <testcase classname="Test.VerifyProductDisplayedPostSearch" name="verifyProductAreDisplayedForValidSearch" time="1.873"/>
  <testcase classname="Test.VerifyProductDisplayedPostSearch" name="verifyProductNotDisplayedForInvalidSearch" time="1.676"/>
</testsuite> <!-- ChromeTest -->
