<?xml version="1.0" encoding="UTF-8"?>
<!-- Generated by org.testng.reporters.JUnitXMLReporter -->
<testsuite ignored="0" hostname="DESKTOP-5B0C80I" failures="0" tests="2" name="EdgeTest" time="249.639" errors="0" timestamp="2024-12-01T19:13:41 IST">
  <testcase classname="Test.VerifyProductDisplayedPostSearch" name="verifyProductAreDisplayedForValidSearch" time="3.45"/>
  <testcase classname="Test.VerifyProductDisplayedPostSearch" name="verifyProductNotDisplayedForInvalidSearch" time="0.001">
    <skipped/>
  </testcase> <!-- verifyProductNotDisplayedForInvalidSearch -->
</testsuite> <!-- EdgeTest -->
