<?xml version="1.0" encoding="UTF-8"?>
<!-- Generated by org.testng.reporters.JUnitXMLReporter -->
<testsuite ignored="0" hostname="DESKTOP-5B0C80I" failures="0" tests="2" name="Test" time="0.143" errors="0" timestamp="2024-12-12T14:13:10 IST">
  <testcase classname="test.VerifyProductDisplayedPostSearch" name="@BeforeMethod openBrowser" time="0.015">
    <failure type="java.lang.NullPointerException" message="Cannot invoke &amp;quot;org.openqa.selenium.WebDriver.get(String)&amp;quot; because &amp;quot;pojo.Browser.driver&amp;quot; is null">
      <![CDATA[java.lang.NullPointerException: Cannot invoke "org.openqa.selenium.WebDriver.get(String)" because "pojo.Browser.driver" is null
at pojo.Browser.launchbrowser(Browser.java:29)
at test.VerifyProductDisplayedPostSearch.openBrowser(VerifyProductDisplayedPostSearch.java:17)
at java.base/java.util.ArrayList.forEach(ArrayList.java:1597)
... Removed 29 stack frames]]>
    </failure>
  </testcase> <!-- @BeforeMethod openBrowser -->
  <testcase classname="test.VerifyProductDisplayedPostSearch" name="@BeforeMethod openBrowser" time="0.0">
    <skipped/>
  </testcase> <!-- @BeforeMethod openBrowser -->
  <testcase classname="test.VerifyProductDisplayedPostSearch" name="verifyProductAreDisplayedForValidSearch" time="0.005">
    <skipped/>
  </testcase> <!-- verifyProductAreDisplayedForValidSearch -->
  <testcase classname="test.VerifyProductDisplayedPostSearch" name="verifyProductNotDisplayedForInvalidSearch" time="0.001">
    <skipped/>
  </testcase> <!-- verifyProductNotDisplayedForInvalidSearch -->
</testsuite> <!-- Test -->
